CRITICAL - 2025-04-23 08:47:58 --> ErrorException: Undefined array key "photo"
[Method: GET, Route: /]
in APPPATH\Views\welcome_message.php on line 186.
 1 APPPATH\Views\welcome_message.php(186): CodeIgniter\Debug\Exceptions->errorHandler(2, 'Undefined array key "photo"', 'C:\\wamp64\\www\\rdc_province\\app\\Views\\welcome_message.php', 186)
 2 SYSTEMPATH\View\View.php(224): include('C:\\wamp64\\www\\rdc_province\\app\\Views\\welcome_message.php')
 3 SYSTEMPATH\View\View.php(227): CodeIgniter\View\View->CodeIgniter\View\{closure}()
 4 SYSTEMPATH\Common.php(1173): CodeIgniter\View\View->render('welcome_message', [], true)
 5 APPPATH\Controllers\Home.php(26): view('welcome_message', [...])
 6 SYSTEMPATH\CodeIgniter.php(933): App\Controllers\Home->index()
 7 SYSTEMPATH\CodeIgniter.php(507): CodeIgniter\CodeIgniter->runController(Object(App\Controllers\Home))
 8 SYSTEMPATH\CodeIgniter.php(354): CodeIgniter\CodeIgniter->handleRequest(null, Object(Config\Cache), false)
 9 SYSTEMPATH\Boot.php(334): CodeIgniter\CodeIgniter->run()
10 SYSTEMPATH\Boot.php(67): CodeIgniter\Boot::runCodeIgniter(Object(CodeIgniter\CodeIgniter))
11 FCPATH\index.php(56): CodeIgniter\Boot::bootWeb(Object(Config\Paths))
12 SYSTEMPATH\rewrite.php(44): require_once('C:\\wamp64\\www\\rdc_province\\public\\index.php')
CRITICAL - 2025-04-23 08:48:36 --> ErrorException: Undefined array key "nom"
[Method: GET, Route: /]
in APPPATH\Views\welcome_message.php on line 186.
 1 APPPATH\Views\welcome_message.php(186): CodeIgniter\Debug\Exceptions->errorHandler(2, 'Undefined array key "nom"', 'C:\\wamp64\\www\\rdc_province\\app\\Views\\welcome_message.php', 186)
 2 SYSTEMPATH\View\View.php(224): include('C:\\wamp64\\www\\rdc_province\\app\\Views\\welcome_message.php')
 3 SYSTEMPATH\View\View.php(227): CodeIgniter\View\View->CodeIgniter\View\{closure}()
 4 SYSTEMPATH\Common.php(1173): CodeIgniter\View\View->render('welcome_message', [], true)
 5 APPPATH\Controllers\Home.php(26): view('welcome_message', [...])
 6 SYSTEMPATH\CodeIgniter.php(933): App\Controllers\Home->index()
 7 SYSTEMPATH\CodeIgniter.php(507): CodeIgniter\CodeIgniter->runController(Object(App\Controllers\Home))
 8 SYSTEMPATH\CodeIgniter.php(354): CodeIgniter\CodeIgniter->handleRequest(null, Object(Config\Cache), false)
 9 SYSTEMPATH\Boot.php(334): CodeIgniter\CodeIgniter->run()
10 SYSTEMPATH\Boot.php(67): CodeIgniter\Boot::runCodeIgniter(Object(CodeIgniter\CodeIgniter))
11 FCPATH\index.php(56): CodeIgniter\Boot::bootWeb(Object(Config\Paths))
12 SYSTEMPATH\rewrite.php(44): require_once('C:\\wamp64\\www\\rdc_province\\public\\index.php')
CRITICAL - 2025-04-23 08:48:37 --> ErrorException: Undefined array key "nom"
[Method: GET, Route: /]
in APPPATH\Views\welcome_message.php on line 186.
 1 APPPATH\Views\welcome_message.php(186): CodeIgniter\Debug\Exceptions->errorHandler(2, 'Undefined array key "nom"', 'C:\\wamp64\\www\\rdc_province\\app\\Views\\welcome_message.php', 186)
 2 SYSTEMPATH\View\View.php(224): include('C:\\wamp64\\www\\rdc_province\\app\\Views\\welcome_message.php')
 3 SYSTEMPATH\View\View.php(227): CodeIgniter\View\View->CodeIgniter\View\{closure}()
 4 SYSTEMPATH\Common.php(1173): CodeIgniter\View\View->render('welcome_message', [], true)
 5 APPPATH\Controllers\Home.php(26): view('welcome_message', [...])
 6 SYSTEMPATH\CodeIgniter.php(933): App\Controllers\Home->index()
 7 SYSTEMPATH\CodeIgniter.php(507): CodeIgniter\CodeIgniter->runController(Object(App\Controllers\Home))
 8 SYSTEMPATH\CodeIgniter.php(354): CodeIgniter\CodeIgniter->handleRequest(null, Object(Config\Cache), false)
 9 SYSTEMPATH\Boot.php(334): CodeIgniter\CodeIgniter->run()
10 SYSTEMPATH\Boot.php(67): CodeIgniter\Boot::runCodeIgniter(Object(CodeIgniter\CodeIgniter))
11 FCPATH\index.php(56): CodeIgniter\Boot::bootWeb(Object(Config\Paths))
12 SYSTEMPATH\rewrite.php(44): require_once('C:\\wamp64\\www\\rdc_province\\public\\index.php')
CRITICAL - 2025-04-23 08:54:50 --> ErrorException: Undefined array key "province"
[Method: GET, Route: /]
in APPPATH\Views\welcome_message.php on line 186.
 1 APPPATH\Views\welcome_message.php(186): CodeIgniter\Debug\Exceptions->errorHandler(2, 'Undefined array key "province"', 'C:\\wamp64\\www\\rdc_province\\app\\Views\\welcome_message.php', 186)
 2 SYSTEMPATH\View\View.php(224): include('C:\\wamp64\\www\\rdc_province\\app\\Views\\welcome_message.php')
 3 SYSTEMPATH\View\View.php(227): CodeIgniter\View\View->CodeIgniter\View\{closure}()
 4 SYSTEMPATH\Common.php(1173): CodeIgniter\View\View->render('welcome_message', [], true)
 5 APPPATH\Controllers\Home.php(26): view('welcome_message', [...])
 6 SYSTEMPATH\CodeIgniter.php(933): App\Controllers\Home->index()
 7 SYSTEMPATH\CodeIgniter.php(507): CodeIgniter\CodeIgniter->runController(Object(App\Controllers\Home))
 8 SYSTEMPATH\CodeIgniter.php(354): CodeIgniter\CodeIgniter->handleRequest(null, Object(Config\Cache), false)
 9 SYSTEMPATH\Boot.php(334): CodeIgniter\CodeIgniter->run()
10 SYSTEMPATH\Boot.php(67): CodeIgniter\Boot::runCodeIgniter(Object(CodeIgniter\CodeIgniter))
11 FCPATH\index.php(56): CodeIgniter\Boot::bootWeb(Object(Config\Paths))
12 SYSTEMPATH\rewrite.php(44): require_once('C:\\wamp64\\www\\rdc_province\\public\\index.php')
CRITICAL - 2025-04-23 10:47:10 --> ErrorException: Declaration of App\Models\VilleModel::find($id) must be compatible with CodeIgniter\BaseModel::find($id = null)
[Method: GET, Route: /]
in APPPATH\Models\VilleModel.php on line 50.
 1 [internal function]: CodeIgniter\Debug\Exceptions->shutdownHandler()
CRITICAL - 2025-04-23 10:47:35 --> CodeIgniter\View\Exceptions\ViewException: Invalid file: "ville_detail.php"
[Method: GET, Route: city/8]
in SYSTEMPATH\Exceptions\FrameworkException.php on line 39.
 1 SYSTEMPATH\View\View.php(212): CodeIgniter\Exceptions\FrameworkException::forInvalidFile('ville_detail.php')
 2 SYSTEMPATH\Common.php(1173): CodeIgniter\View\View->render('ville_detail', [], true)
 3 APPPATH\Controllers\Home.php(31): view('ville_detail', [...])
 4 SYSTEMPATH\CodeIgniter.php(933): App\Controllers\Home->show('8')
 5 SYSTEMPATH\CodeIgniter.php(507): CodeIgniter\CodeIgniter->runController(Object(App\Controllers\Home))
 6 SYSTEMPATH\CodeIgniter.php(354): CodeIgniter\CodeIgniter->handleRequest(null, Object(Config\Cache), false)
 7 SYSTEMPATH\Boot.php(334): CodeIgniter\CodeIgniter->run()
 8 SYSTEMPATH\Boot.php(67): CodeIgniter\Boot::runCodeIgniter(Object(CodeIgniter\CodeIgniter))
 9 FCPATH\index.php(56): CodeIgniter\Boot::bootWeb(Object(Config\Paths))
10 SYSTEMPATH\rewrite.php(44): require_once('C:\\wamp64\\www\\rdc_province\\public\\index.php')
CRITICAL - 2025-04-23 10:48:07 --> ErrorException: Undefined array key "description"
[Method: GET, Route: city/8]
in APPPATH\Views\Villes\ville_detail.php on line 19.
 1 APPPATH\Views\Villes\ville_detail.php(19): CodeIgniter\Debug\Exceptions->errorHandler(2, 'Undefined array key "description"', 'C:\\wamp64\\www\\rdc_province\\app\\Views\\Villes\\ville_detail.php', 19)
 2 SYSTEMPATH\View\View.php(224): include('C:\\wamp64\\www\\rdc_province\\app\\Views\\Villes\\ville_detail.php')
 3 SYSTEMPATH\View\View.php(227): CodeIgniter\View\View->CodeIgniter\View\{closure}()
 4 SYSTEMPATH\Common.php(1173): CodeIgniter\View\View->render('Villes/ville_detail', [], true)
 5 APPPATH\Controllers\Home.php(31): view('Villes/ville_detail', [...])
 6 SYSTEMPATH\CodeIgniter.php(933): App\Controllers\Home->show('8')
 7 SYSTEMPATH\CodeIgniter.php(507): CodeIgniter\CodeIgniter->runController(Object(App\Controllers\Home))
 8 SYSTEMPATH\CodeIgniter.php(354): CodeIgniter\CodeIgniter->handleRequest(null, Object(Config\Cache), false)
 9 SYSTEMPATH\Boot.php(334): CodeIgniter\CodeIgniter->run()
10 SYSTEMPATH\Boot.php(67): CodeIgniter\Boot::runCodeIgniter(Object(CodeIgniter\CodeIgniter))
11 FCPATH\index.php(56): CodeIgniter\Boot::bootWeb(Object(Config\Paths))
12 SYSTEMPATH\rewrite.php(44): require_once('C:\\wamp64\\www\\rdc_province\\public\\index.php')
CRITICAL - 2025-04-23 10:48:10 --> ErrorException: Undefined array key "description"
[Method: GET, Route: city/8]
in APPPATH\Views\Villes\ville_detail.php on line 19.
 1 APPPATH\Views\Villes\ville_detail.php(19): CodeIgniter\Debug\Exceptions->errorHandler(2, 'Undefined array key "description"', 'C:\\wamp64\\www\\rdc_province\\app\\Views\\Villes\\ville_detail.php', 19)
 2 SYSTEMPATH\View\View.php(224): include('C:\\wamp64\\www\\rdc_province\\app\\Views\\Villes\\ville_detail.php')
 3 SYSTEMPATH\View\View.php(227): CodeIgniter\View\View->CodeIgniter\View\{closure}()
 4 SYSTEMPATH\Common.php(1173): CodeIgniter\View\View->render('Villes/ville_detail', [], true)
 5 APPPATH\Controllers\Home.php(31): view('Villes/ville_detail', [...])
 6 SYSTEMPATH\CodeIgniter.php(933): App\Controllers\Home->show('8')
 7 SYSTEMPATH\CodeIgniter.php(507): CodeIgniter\CodeIgniter->runController(Object(App\Controllers\Home))
 8 SYSTEMPATH\CodeIgniter.php(354): CodeIgniter\CodeIgniter->handleRequest(null, Object(Config\Cache), false)
 9 SYSTEMPATH\Boot.php(334): CodeIgniter\CodeIgniter->run()
10 SYSTEMPATH\Boot.php(67): CodeIgniter\Boot::runCodeIgniter(Object(CodeIgniter\CodeIgniter))
11 FCPATH\index.php(56): CodeIgniter\Boot::bootWeb(Object(Config\Paths))
12 SYSTEMPATH\rewrite.php(44): require_once('C:\\wamp64\\www\\rdc_province\\public\\index.php')
CRITICAL - 2025-04-23 11:36:18 --> ErrorException: Undefined array key "images"
[Method: GET, Route: city/8]
in APPPATH\Views\Villes\ville_detail.php on line 13.
 1 APPPATH\Views\Villes\ville_detail.php(13): CodeIgniter\Debug\Exceptions->errorHandler(2, 'Undefined array key "images"', 'C:\\wamp64\\www\\rdc_province\\app\\Views\\Villes\\ville_detail.php', 13)
 2 SYSTEMPATH\View\View.php(224): include('C:\\wamp64\\www\\rdc_province\\app\\Views\\Villes\\ville_detail.php')
 3 SYSTEMPATH\View\View.php(227): CodeIgniter\View\View->CodeIgniter\View\{closure}()
 4 SYSTEMPATH\Common.php(1173): CodeIgniter\View\View->render('Villes/ville_detail', [], true)
 5 APPPATH\Controllers\Home.php(31): view('Villes/ville_detail', [...])
 6 SYSTEMPATH\CodeIgniter.php(933): App\Controllers\Home->show('8')
 7 SYSTEMPATH\CodeIgniter.php(507): CodeIgniter\CodeIgniter->runController(Object(App\Controllers\Home))
 8 SYSTEMPATH\CodeIgniter.php(354): CodeIgniter\CodeIgniter->handleRequest(null, Object(Config\Cache), false)
 9 SYSTEMPATH\Boot.php(334): CodeIgniter\CodeIgniter->run()
10 SYSTEMPATH\Boot.php(67): CodeIgniter\Boot::runCodeIgniter(Object(CodeIgniter\CodeIgniter))
11 FCPATH\index.php(56): CodeIgniter\Boot::bootWeb(Object(Config\Paths))
12 SYSTEMPATH\rewrite.php(44): require_once('C:\\wamp64\\www\\rdc_province\\public\\index.php')
CRITICAL - 2025-04-23 11:39:30 --> CodeIgniter\HTTP\Exceptions\BadRequestException: The URI you submitted has disallowed characters: "<p>Chemin de l'image: <"
[Method: GET, Route: city/%3Cp%3EChemin%20de%20l%27image:%20%3C]
in SYSTEMPATH\Router\Router.php on line 739.
 1 SYSTEMPATH\Router\Router.php(207): CodeIgniter\Router\Router->checkDisallowedChars('city/<p>Chemin de l\'image: <')
 2 SYSTEMPATH\CodeIgniter.php(832): CodeIgniter\Router\Router->handle('city/<p>Chemin de l\'image: <')
 3 SYSTEMPATH\CodeIgniter.php(455): CodeIgniter\CodeIgniter->tryToRouteIt(Object(CodeIgniter\Router\RouteCollection))
 4 SYSTEMPATH\CodeIgniter.php(354): CodeIgniter\CodeIgniter->handleRequest(null, Object(Config\Cache), false)
 5 SYSTEMPATH\Boot.php(334): CodeIgniter\CodeIgniter->run()
 6 SYSTEMPATH\Boot.php(67): CodeIgniter\Boot::runCodeIgniter(Object(CodeIgniter\CodeIgniter))
 7 FCPATH\index.php(56): CodeIgniter\Boot::bootWeb(Object(Config\Paths))
 8 SYSTEMPATH\rewrite.php(44): require_once('C:\\wamp64\\www\\rdc_province\\public\\index.php')
CRITICAL - 2025-04-23 11:40:07 --> CodeIgniter\HTTP\Exceptions\BadRequestException: The URI you submitted has disallowed characters: "base_url('images"
[Method: GET, Route: city/base_url%28%27images/%27%20.%20$ville%5B%27image%27%5D%29]
in SYSTEMPATH\Router\Router.php on line 739.
 1 SYSTEMPATH\Router\Router.php(207): CodeIgniter\Router\Router->checkDisallowedChars('city/base_url(\'images/\' . $ville[\'image\'])')
 2 SYSTEMPATH\CodeIgniter.php(832): CodeIgniter\Router\Router->handle('city/base_url(\'images/\' . $ville[\'image\'])')
 3 SYSTEMPATH\CodeIgniter.php(455): CodeIgniter\CodeIgniter->tryToRouteIt(Object(CodeIgniter\Router\RouteCollection))
 4 SYSTEMPATH\CodeIgniter.php(354): CodeIgniter\CodeIgniter->handleRequest(null, Object(Config\Cache), false)
 5 SYSTEMPATH\Boot.php(334): CodeIgniter\CodeIgniter->run()
 6 SYSTEMPATH\Boot.php(67): CodeIgniter\Boot::runCodeIgniter(Object(CodeIgniter\CodeIgniter))
 7 FCPATH\index.php(56): CodeIgniter\Boot::bootWeb(Object(Config\Paths))
 8 SYSTEMPATH\rewrite.php(44): require_once('C:\\wamp64\\www\\rdc_province\\public\\index.php')
CRITICAL - 2025-04-23 12:35:38 --> CodeIgniter\HTTP\Exceptions\BadRequestException: The URI you submitted has disallowed characters: "(:num)"
[Method: GET, Route: city/%28:num%29]
in SYSTEMPATH\Router\Router.php on line 739.
 1 SYSTEMPATH\Router\Router.php(207): CodeIgniter\Router\Router->checkDisallowedChars('city/(:num)')
 2 SYSTEMPATH\CodeIgniter.php(832): CodeIgniter\Router\Router->handle('city/(:num)')
 3 SYSTEMPATH\CodeIgniter.php(455): CodeIgniter\CodeIgniter->tryToRouteIt(Object(CodeIgniter\Router\RouteCollection))
 4 SYSTEMPATH\CodeIgniter.php(354): CodeIgniter\CodeIgniter->handleRequest(null, Object(Config\Cache), false)
 5 SYSTEMPATH\Boot.php(334): CodeIgniter\CodeIgniter->run()
 6 SYSTEMPATH\Boot.php(67): CodeIgniter\Boot::runCodeIgniter(Object(CodeIgniter\CodeIgniter))
 7 FCPATH\index.php(56): CodeIgniter\Boot::bootWeb(Object(Config\Paths))
 8 SYSTEMPATH\rewrite.php(44): require_once('C:\\wamp64\\www\\rdc_province\\public\\index.php')
CRITICAL - 2025-04-23 12:38:07 --> CodeIgniter\HTTP\Exceptions\BadRequestException: The URI you submitted has disallowed characters: "(:num)"
[Method: GET, Route: city/%28:num%29]
in SYSTEMPATH\Router\Router.php on line 739.
 1 SYSTEMPATH\Router\Router.php(207): CodeIgniter\Router\Router->checkDisallowedChars('city/(:num)')
 2 SYSTEMPATH\CodeIgniter.php(832): CodeIgniter\Router\Router->handle('city/(:num)')
 3 SYSTEMPATH\CodeIgniter.php(455): CodeIgniter\CodeIgniter->tryToRouteIt(Object(CodeIgniter\Router\RouteCollection))
 4 SYSTEMPATH\CodeIgniter.php(354): CodeIgniter\CodeIgniter->handleRequest(null, Object(Config\Cache), false)
 5 SYSTEMPATH\Boot.php(334): CodeIgniter\CodeIgniter->run()
 6 SYSTEMPATH\Boot.php(67): CodeIgniter\Boot::runCodeIgniter(Object(CodeIgniter\CodeIgniter))
 7 FCPATH\index.php(56): CodeIgniter\Boot::bootWeb(Object(Config\Paths))
 8 SYSTEMPATH\rewrite.php(44): require_once('C:\\wamp64\\www\\rdc_province\\public\\index.php')
