INFO - 2025-04-29 07:04:12 --> Détails de la ville : Array
(
    [id] => 20
    [nom_ville] => Kisangani
    [province_id] => 41
    [langue] => Swahili
    [superficie] => 199567
    [population] => 4569122
    [image] => uploads/images/1745244608_d758d14c57efecd14229.jpg
    [created_at] => 
    [updated_at] => 
    [nom_province] => Tshopo
)

INFO - 2025-04-29 07:04:20 --> Détails de la ville : Array
(
    [id] => 11
    [nom_ville] => Lisala
    [province_id] => 31
    [langue] => Lingala
    [superficie] => 58141
    [population] => 131243
    [image] => uploads/images/1745244230_5711f4d3e125b7072e83.jpeg
    [created_at] => 
    [updated_at] => 
    [nom_province] => Mongala 
)

INFO - 2025-04-29 07:20:41 --> Détails de la ville : Array
(
    [id] => 8
    [nom_ville] => Mbandaka
    [province_id] => 28
    [langue] => Lingala
    [superficie] => 103902
    [population] => 45900011
    [image] => uploads/images/1745502807_fc896b198dcf0d034e7e.jpeg
    [created_at] => 
    [updated_at] => 
    [nom_province] => Equateur 
)

INFO - 2025-04-29 07:36:40 --> Détails de la ville : Array
(
    [id] => 17
    [nom_ville] => Bandundu
    [province_id] => 38
    [langue] => Kikongo
    [superficie] => 78219
    [population] => 349700
    [image] => uploads/images/1745244452_6d7c9a56ce6e25548f2e.jpg
    [created_at] => 
    [updated_at] => 
    [nom_province] => Kwilu
)

CRITICAL - 2025-04-29 07:51:37 --> ArgumentCountError: Too few arguments to function App\Controllers\City::get_details(), 0 passed in C:\wamp64\www\rdc_province\system\CodeIgniter.php on line 933 and exactly 1 expected
[Method: GET, Route: city/get_details/9]
in APPPATH\Controllers\City.php on line 16.
 1 SYSTEMPATH\CodeIgniter.php(933): App\Controllers\City->get_details()
 2 SYSTEMPATH\CodeIgniter.php(507): CodeIgniter\CodeIgniter->runController(Object(App\Controllers\City))
 3 SYSTEMPATH\CodeIgniter.php(354): CodeIgniter\CodeIgniter->handleRequest(null, Object(Config\Cache), false)
 4 SYSTEMPATH\Boot.php(334): CodeIgniter\CodeIgniter->run()
 5 SYSTEMPATH\Boot.php(67): CodeIgniter\Boot::runCodeIgniter(Object(CodeIgniter\CodeIgniter))
 6 FCPATH\index.php(56): CodeIgniter\Boot::bootWeb(Object(Config\Paths))
 7 SYSTEMPATH\rewrite.php(44): require_once('C:\\wamp64\\www\\rdc_province\\public\\index.php')
CRITICAL - 2025-04-29 07:51:41 --> ArgumentCountError: Too few arguments to function App\Controllers\City::get_details(), 0 passed in C:\wamp64\www\rdc_province\system\CodeIgniter.php on line 933 and exactly 1 expected
[Method: GET, Route: city/get_details/10]
in APPPATH\Controllers\City.php on line 16.
 1 SYSTEMPATH\CodeIgniter.php(933): App\Controllers\City->get_details()
 2 SYSTEMPATH\CodeIgniter.php(507): CodeIgniter\CodeIgniter->runController(Object(App\Controllers\City))
 3 SYSTEMPATH\CodeIgniter.php(354): CodeIgniter\CodeIgniter->handleRequest(null, Object(Config\Cache), false)
 4 SYSTEMPATH\Boot.php(334): CodeIgniter\CodeIgniter->run()
 5 SYSTEMPATH\Boot.php(67): CodeIgniter\Boot::runCodeIgniter(Object(CodeIgniter\CodeIgniter))
 6 FCPATH\index.php(56): CodeIgniter\Boot::bootWeb(Object(Config\Paths))
 7 SYSTEMPATH\rewrite.php(44): require_once('C:\\wamp64\\www\\rdc_province\\public\\index.php')
CRITICAL - 2025-04-29 07:59:04 --> ArgumentCountError: Too few arguments to function App\Controllers\City::get_details(), 0 passed in C:\wamp64\www\rdc_province\system\CodeIgniter.php on line 933 and exactly 1 expected
[Method: GET, Route: city/get_details/9]
in APPPATH\Controllers\City.php on line 16.
 1 SYSTEMPATH\CodeIgniter.php(933): App\Controllers\City->get_details()
 2 SYSTEMPATH\CodeIgniter.php(507): CodeIgniter\CodeIgniter->runController(Object(App\Controllers\City))
 3 SYSTEMPATH\CodeIgniter.php(354): CodeIgniter\CodeIgniter->handleRequest(null, Object(Config\Cache), false)
 4 SYSTEMPATH\Boot.php(334): CodeIgniter\CodeIgniter->run()
 5 SYSTEMPATH\Boot.php(67): CodeIgniter\Boot::runCodeIgniter(Object(CodeIgniter\CodeIgniter))
 6 FCPATH\index.php(56): CodeIgniter\Boot::bootWeb(Object(Config\Paths))
 7 SYSTEMPATH\rewrite.php(44): require_once('C:\\wamp64\\www\\rdc_province\\public\\index.php')
CRITICAL - 2025-04-29 08:01:10 --> ArgumentCountError: Too few arguments to function App\Controllers\City::get_details(), 0 passed in C:\wamp64\www\rdc_province\system\CodeIgniter.php on line 933 and exactly 1 expected
[Method: GET, Route: city/get_details/9]
in APPPATH\Controllers\City.php on line 16.
 1 SYSTEMPATH\CodeIgniter.php(933): App\Controllers\City->get_details()
 2 SYSTEMPATH\CodeIgniter.php(507): CodeIgniter\CodeIgniter->runController(Object(App\Controllers\City))
 3 SYSTEMPATH\CodeIgniter.php(354): CodeIgniter\CodeIgniter->handleRequest(null, Object(Config\Cache), false)
 4 SYSTEMPATH\Boot.php(334): CodeIgniter\CodeIgniter->run()
 5 SYSTEMPATH\Boot.php(67): CodeIgniter\Boot::runCodeIgniter(Object(CodeIgniter\CodeIgniter))
 6 FCPATH\index.php(56): CodeIgniter\Boot::bootWeb(Object(Config\Paths))
 7 SYSTEMPATH\rewrite.php(44): require_once('C:\\wamp64\\www\\rdc_province\\public\\index.php')
INFO - 2025-04-29 08:03:01 --> Tentative de récupération des détails pour la ville ID: 9
INFO - 2025-04-29 08:03:01 --> Détails de la ville : Array
(
    [id] => 9
    [nom_ville] => Gemena 
    [province_id] => 29
    [langue] => Lingala
    [superficie] => 51648
    [population] => 123453
    [image] => uploads/images/1745244104_8183c74c7e81d71b405f.jpeg
    [created_at] => 
    [updated_at] => 
    [nom_province] => Sud-Ubangui
)

INFO - 2025-04-29 08:03:01 --> Détails de la ville récupérés : Array
(
    [id] => 9
    [nom_ville] => Gemena 
    [province_id] => 29
    [langue] => Lingala
    [superficie] => 51648
    [population] => 123453
    [image] => uploads/images/1745244104_8183c74c7e81d71b405f.jpeg
    [created_at] => 
    [updated_at] => 
    [nom_province] => Sud-Ubangui
)

INFO - 2025-04-29 08:05:21 --> Tentative de récupération des détails pour la ville ID: 9
INFO - 2025-04-29 08:05:21 --> Détails de la ville : Array
(
    [id] => 9
    [nom_ville] => Gemena 
    [province_id] => 29
    [langue] => Lingala
    [superficie] => 51648
    [population] => 123453
    [image] => uploads/images/1745244104_8183c74c7e81d71b405f.jpeg
    [created_at] => 
    [updated_at] => 
    [nom_province] => Sud-Ubangui
)

INFO - 2025-04-29 08:05:21 --> Détails de la ville récupérés : Array
(
    [id] => 9
    [nom_ville] => Gemena 
    [province_id] => 29
    [langue] => Lingala
    [superficie] => 51648
    [population] => 123453
    [image] => uploads/images/1745244104_8183c74c7e81d71b405f.jpeg
    [created_at] => 
    [updated_at] => 
    [nom_province] => Sud-Ubangui
)

INFO - 2025-04-29 08:06:04 --> Tentative de récupération des détails pour la ville ID: 9
INFO - 2025-04-29 08:06:04 --> Détails de la ville : Array
(
    [id] => 9
    [nom_ville] => Gemena 
    [province_id] => 29
    [langue] => Lingala
    [superficie] => 51648
    [population] => 123453
    [image] => uploads/images/1745244104_8183c74c7e81d71b405f.jpeg
    [created_at] => 
    [updated_at] => 
    [nom_province] => Sud-Ubangui
)

INFO - 2025-04-29 08:06:04 --> Détails de la ville récupérés : Array
(
    [id] => 9
    [nom_ville] => Gemena 
    [province_id] => 29
    [langue] => Lingala
    [superficie] => 51648
    [population] => 123453
    [image] => uploads/images/1745244104_8183c74c7e81d71b405f.jpeg
    [created_at] => 
    [updated_at] => 
    [nom_province] => Sud-Ubangui
)

INFO - 2025-04-29 08:07:43 --> Tentative de récupération des détails pour la ville ID: 17
INFO - 2025-04-29 08:07:43 --> Détails de la ville : Array
(
    [id] => 17
    [nom_ville] => Bandundu
    [province_id] => 38
    [langue] => Kikongo
    [superficie] => 78219
    [population] => 349700
    [image] => uploads/images/1745244452_6d7c9a56ce6e25548f2e.jpg
    [created_at] => 
    [updated_at] => 
    [nom_province] => Kwilu
)

INFO - 2025-04-29 08:07:43 --> Détails de la ville récupérés : Array
(
    [id] => 17
    [nom_ville] => Bandundu
    [province_id] => 38
    [langue] => Kikongo
    [superficie] => 78219
    [population] => 349700
    [image] => uploads/images/1745244452_6d7c9a56ce6e25548f2e.jpg
    [created_at] => 
    [updated_at] => 
    [nom_province] => Kwilu
)

INFO - 2025-04-29 08:07:47 --> Tentative de récupération des détails pour la ville ID: 21
INFO - 2025-04-29 08:07:47 --> Détails de la ville : Array
(
    [id] => 21
    [nom_ville] => Lusambo
    [province_id] => 42
    [langue] => Lotetela
    [superficie] => 104331
    [population] => 67321222
    [image] => uploads/images/1745244637_9872b9f06da3252b3d4f.jpg
    [created_at] => 
    [updated_at] => 
    [nom_province] => Sankuru 
)

INFO - 2025-04-29 08:07:47 --> Détails de la ville récupérés : Array
(
    [id] => 21
    [nom_ville] => Lusambo
    [province_id] => 42
    [langue] => Lotetela
    [superficie] => 104331
    [population] => 67321222
    [image] => uploads/images/1745244637_9872b9f06da3252b3d4f.jpg
    [created_at] => 
    [updated_at] => 
    [nom_province] => Sankuru 
)

INFO - 2025-04-29 08:09:35 --> Tentative de récupération des détails pour la ville ID: 8
INFO - 2025-04-29 08:09:35 --> Détails de la ville : Array
(
    [id] => 8
    [nom_ville] => Mbandaka
    [province_id] => 28
    [langue] => Lingala
    [superficie] => 103902
    [population] => 45900011
    [image] => uploads/images/1745502807_fc896b198dcf0d034e7e.jpeg
    [created_at] => 
    [updated_at] => 
    [nom_province] => Equateur 
)

INFO - 2025-04-29 08:09:35 --> Détails de la ville récupérés : Array
(
    [id] => 8
    [nom_ville] => Mbandaka
    [province_id] => 28
    [langue] => Lingala
    [superficie] => 103902
    [population] => 45900011
    [image] => uploads/images/1745502807_fc896b198dcf0d034e7e.jpeg
    [created_at] => 
    [updated_at] => 
    [nom_province] => Equateur 
)

INFO - 2025-04-29 08:11:59 --> Tentative de récupération des détails pour la ville ID: 12
INFO - 2025-04-29 08:11:59 --> Détails de la ville : Array
(
    [id] => 12
    [nom_ville] => Buta
    [province_id] => 32
    [langue] => Lingala
    [superficie] => 14833
    [population] => 98767
    [image] => uploads/images/1745244255_2db051d6700650bf7840.jpg
    [created_at] => 
    [updated_at] => 
    [nom_province] => Bas-Uele
)

INFO - 2025-04-29 08:11:59 --> Détails de la ville récupérés : Array
(
    [id] => 12
    [nom_ville] => Buta
    [province_id] => 32
    [langue] => Lingala
    [superficie] => 14833
    [population] => 98767
    [image] => uploads/images/1745244255_2db051d6700650bf7840.jpg
    [created_at] => 
    [updated_at] => 
    [nom_province] => Bas-Uele
)

INFO - 2025-04-29 08:13:23 --> Tentative de récupération des détails pour la ville ID: 17
INFO - 2025-04-29 08:13:23 --> Détails de la ville : Array
(
    [id] => 17
    [nom_ville] => Bandundu
    [province_id] => 38
    [langue] => Kikongo
    [superficie] => 78219
    [population] => 349700
    [image] => uploads/images/1745244452_6d7c9a56ce6e25548f2e.jpg
    [created_at] => 
    [updated_at] => 
    [nom_province] => Kwilu
)

INFO - 2025-04-29 08:13:23 --> Détails de la ville récupérés : Array
(
    [id] => 17
    [nom_ville] => Bandundu
    [province_id] => 38
    [langue] => Kikongo
    [superficie] => 78219
    [population] => 349700
    [image] => uploads/images/1745244452_6d7c9a56ce6e25548f2e.jpg
    [created_at] => 
    [updated_at] => 
    [nom_province] => Kwilu
)

INFO - 2025-04-29 08:13:30 --> Tentative de récupération des détails pour la ville ID: 8
INFO - 2025-04-29 08:13:30 --> Détails de la ville : Array
(
    [id] => 8
    [nom_ville] => Mbandaka
    [province_id] => 28
    [langue] => Lingala
    [superficie] => 103902
    [population] => 45900011
    [image] => uploads/images/1745502807_fc896b198dcf0d034e7e.jpeg
    [created_at] => 
    [updated_at] => 
    [nom_province] => Equateur 
)

INFO - 2025-04-29 08:13:30 --> Détails de la ville récupérés : Array
(
    [id] => 8
    [nom_ville] => Mbandaka
    [province_id] => 28
    [langue] => Lingala
    [superficie] => 103902
    [population] => 45900011
    [image] => uploads/images/1745502807_fc896b198dcf0d034e7e.jpeg
    [created_at] => 
    [updated_at] => 
    [nom_province] => Equateur 
)

INFO - 2025-04-29 08:13:49 --> Tentative de récupération des détails pour la ville ID: 8
INFO - 2025-04-29 08:13:49 --> Détails de la ville : Array
(
    [id] => 8
    [nom_ville] => Mbandaka
    [province_id] => 28
    [langue] => Lingala
    [superficie] => 103902
    [population] => 45900011
    [image] => uploads/images/1745502807_fc896b198dcf0d034e7e.jpeg
    [created_at] => 
    [updated_at] => 
    [nom_province] => Equateur 
)

INFO - 2025-04-29 08:13:49 --> Détails de la ville récupérés : Array
(
    [id] => 8
    [nom_ville] => Mbandaka
    [province_id] => 28
    [langue] => Lingala
    [superficie] => 103902
    [population] => 45900011
    [image] => uploads/images/1745502807_fc896b198dcf0d034e7e.jpeg
    [created_at] => 
    [updated_at] => 
    [nom_province] => Equateur 
)

INFO - 2025-04-29 08:14:17 --> Tentative de récupération des détails pour la ville ID: 8
INFO - 2025-04-29 08:14:17 --> Détails de la ville : Array
(
    [id] => 8
    [nom_ville] => Mbandaka
    [province_id] => 28
    [langue] => Lingala
    [superficie] => 103902
    [population] => 45900011
    [image] => uploads/images/1745502807_fc896b198dcf0d034e7e.jpeg
    [created_at] => 
    [updated_at] => 
    [nom_province] => Equateur 
)

INFO - 2025-04-29 08:14:17 --> Détails de la ville récupérés : Array
(
    [id] => 8
    [nom_ville] => Mbandaka
    [province_id] => 28
    [langue] => Lingala
    [superficie] => 103902
    [population] => 45900011
    [image] => uploads/images/1745502807_fc896b198dcf0d034e7e.jpeg
    [created_at] => 
    [updated_at] => 
    [nom_province] => Equateur 
)

INFO - 2025-04-29 08:14:43 --> Tentative de récupération des détails pour la ville ID: 9
INFO - 2025-04-29 08:14:43 --> Détails de la ville : Array
(
    [id] => 9
    [nom_ville] => Gemena 
    [province_id] => 29
    [langue] => Lingala
    [superficie] => 51648
    [population] => 123453
    [image] => uploads/images/1745244104_8183c74c7e81d71b405f.jpeg
    [created_at] => 
    [updated_at] => 
    [nom_province] => Sud-Ubangui
)

INFO - 2025-04-29 08:14:43 --> Détails de la ville récupérés : Array
(
    [id] => 9
    [nom_ville] => Gemena 
    [province_id] => 29
    [langue] => Lingala
    [superficie] => 51648
    [population] => 123453
    [image] => uploads/images/1745244104_8183c74c7e81d71b405f.jpeg
    [created_at] => 
    [updated_at] => 
    [nom_province] => Sud-Ubangui
)

INFO - 2025-04-29 08:15:23 --> Tentative de récupération des détails pour la ville ID: 24
INFO - 2025-04-29 08:15:23 --> Détails de la ville : Array
(
    [id] => 24
    [nom_ville] => Kananga
    [province_id] => 45
    [langue] => Tshiluba
    [superficie] => 60958
    [population] => 3456543
    [image] => uploads/images/1745244828_b7f9ec67d1b824f1aac8.jpg
    [created_at] => 
    [updated_at] => 
    [nom_province] => Kasaï Central
)

INFO - 2025-04-29 08:15:23 --> Détails de la ville récupérés : Array
(
    [id] => 24
    [nom_ville] => Kananga
    [province_id] => 45
    [langue] => Tshiluba
    [superficie] => 60958
    [population] => 3456543
    [image] => uploads/images/1745244828_b7f9ec67d1b824f1aac8.jpg
    [created_at] => 
    [updated_at] => 
    [nom_province] => Kasaï Central
)

INFO - 2025-04-29 08:15:49 --> Tentative de récupération des détails pour la ville ID: 8
INFO - 2025-04-29 08:15:49 --> Détails de la ville : Array
(
    [id] => 8
    [nom_ville] => Mbandaka
    [province_id] => 28
    [langue] => Lingala
    [superficie] => 103902
    [population] => 45900011
    [image] => uploads/images/1745502807_fc896b198dcf0d034e7e.jpeg
    [created_at] => 
    [updated_at] => 
    [nom_province] => Equateur 
)

INFO - 2025-04-29 08:15:49 --> Détails de la ville récupérés : Array
(
    [id] => 8
    [nom_ville] => Mbandaka
    [province_id] => 28
    [langue] => Lingala
    [superficie] => 103902
    [population] => 45900011
    [image] => uploads/images/1745502807_fc896b198dcf0d034e7e.jpeg
    [created_at] => 
    [updated_at] => 
    [nom_province] => Equateur 
)

INFO - 2025-04-29 08:16:09 --> Tentative de récupération des détails pour la ville ID: 9
INFO - 2025-04-29 08:16:09 --> Détails de la ville : Array
(
    [id] => 9
    [nom_ville] => Gemena 
    [province_id] => 29
    [langue] => Lingala
    [superficie] => 51648
    [population] => 123453
    [image] => uploads/images/1745244104_8183c74c7e81d71b405f.jpeg
    [created_at] => 
    [updated_at] => 
    [nom_province] => Sud-Ubangui
)

INFO - 2025-04-29 08:16:09 --> Détails de la ville récupérés : Array
(
    [id] => 9
    [nom_ville] => Gemena 
    [province_id] => 29
    [langue] => Lingala
    [superficie] => 51648
    [population] => 123453
    [image] => uploads/images/1745244104_8183c74c7e81d71b405f.jpeg
    [created_at] => 
    [updated_at] => 
    [nom_province] => Sud-Ubangui
)

CRITICAL - 2025-04-29 08:21:44 --> Error: Class "App\Controllers\VilleModel" not found
[Method: GET, Route: city/get_info]
in APPPATH\Controllers\City.php on line 17.
 1 SYSTEMPATH\CodeIgniter.php(903): App\Controllers\City->__construct()
 2 SYSTEMPATH\CodeIgniter.php(498): CodeIgniter\CodeIgniter->createController()
 3 SYSTEMPATH\CodeIgniter.php(354): CodeIgniter\CodeIgniter->handleRequest(null, Object(Config\Cache), false)
 4 SYSTEMPATH\Boot.php(334): CodeIgniter\CodeIgniter->run()
 5 SYSTEMPATH\Boot.php(67): CodeIgniter\Boot::runCodeIgniter(Object(CodeIgniter\CodeIgniter))
 6 FCPATH\index.php(56): CodeIgniter\Boot::bootWeb(Object(Config\Paths))
 7 SYSTEMPATH\rewrite.php(44): require_once('C:\\wamp64\\www\\rdc_province\\public\\index.php')
INFO - 2025-04-29 08:23:09 --> Détails de la ville : Array
(
    [id] => 17
    [nom_ville] => Bandundu
    [province_id] => 38
    [langue] => Kikongo
    [superficie] => 78219
    [population] => 349700
    [image] => uploads/images/1745244452_6d7c9a56ce6e25548f2e.jpg
    [created_at] => 
    [updated_at] => 
    [nom_province] => Kwilu
)

INFO - 2025-04-29 08:23:12 --> Détails de la ville : Array
(
    [id] => 17
    [nom_ville] => Bandundu
    [province_id] => 38
    [langue] => Kikongo
    [superficie] => 78219
    [population] => 349700
    [image] => uploads/images/1745244452_6d7c9a56ce6e25548f2e.jpg
    [created_at] => 
    [updated_at] => 
    [nom_province] => Kwilu
)

INFO - 2025-04-29 08:23:47 --> Détails de la ville : Array
(
    [id] => 8
    [nom_ville] => Mbandaka
    [province_id] => 28
    [langue] => Lingala
    [superficie] => 103902
    [population] => 45900011
    [image] => uploads/images/1745502807_fc896b198dcf0d034e7e.jpeg
    [created_at] => 
    [updated_at] => 
    [nom_province] => Equateur 
)

INFO - 2025-04-29 08:23:48 --> Détails de la ville : Array
(
    [id] => 8
    [nom_ville] => Mbandaka
    [province_id] => 28
    [langue] => Lingala
    [superficie] => 103902
    [population] => 45900011
    [image] => uploads/images/1745502807_fc896b198dcf0d034e7e.jpeg
    [created_at] => 
    [updated_at] => 
    [nom_province] => Equateur 
)

ERROR - 2025-04-29 08:58:13 --> mysqli_sql_exception: Champ 'provinces.name' inconnu dans field list in C:\wamp64\www\rdc_province\system\Database\MySQLi\Connection.php:327
Stack trace:
#0 C:\wamp64\www\rdc_province\system\Database\MySQLi\Connection.php(327): mysqli->query('SELECT `villes`...', 0)
#1 C:\wamp64\www\rdc_province\system\Database\BaseConnection.php(738): CodeIgniter\Database\MySQLi\Connection->execute('SELECT `villes`...')
#2 C:\wamp64\www\rdc_province\system\Database\BaseConnection.php(652): CodeIgniter\Database\BaseConnection->simpleQuery('SELECT `villes`...')
#3 C:\wamp64\www\rdc_province\system\Database\BaseBuilder.php(1649): CodeIgniter\Database\BaseConnection->query('SELECT `villes`...', Array, false)
#4 C:\wamp64\www\rdc_province\system\Model.php(330): CodeIgniter\Database\BaseBuilder->get()
#5 C:\wamp64\www\rdc_province\system\BaseModel.php(713): CodeIgniter\Model->doFirst()
#6 C:\wamp64\www\rdc_province\app\Models\CityModel.php(22): CodeIgniter\BaseModel->first()
#7 C:\wamp64\www\rdc_province\app\Controllers\City.php(35): App\Models\CityModel->getCityDetails('17')
#8 C:\wamp64\www\rdc_province\system\CodeIgniter.php(933): App\Controllers\City->get_details('17')
#9 C:\wamp64\www\rdc_province\system\CodeIgniter.php(507): CodeIgniter\CodeIgniter->runController(Object(App\Controllers\City))
#10 C:\wamp64\www\rdc_province\system\CodeIgniter.php(354): CodeIgniter\CodeIgniter->handleRequest(NULL, Object(Config\Cache), false)
#11 C:\wamp64\www\rdc_province\system\Boot.php(334): CodeIgniter\CodeIgniter->run()
#12 C:\wamp64\www\rdc_province\system\Boot.php(67): CodeIgniter\Boot::runCodeIgniter(Object(CodeIgniter\CodeIgniter))
#13 C:\wamp64\www\rdc_province\public\index.php(56): CodeIgniter\Boot::bootWeb(Object(Config\Paths))
#14 C:\wamp64\www\rdc_province\system\rewrite.php(44): require_once('C:\\wamp64\\www\\r...')
#15 {main}
CRITICAL - 2025-04-29 08:58:13 --> CodeIgniter\Database\Exceptions\DatabaseException: Champ 'provinces.name' inconnu dans field list
[Method: GET, Route: city/get_details/17]
in SYSTEMPATH\Database\BaseConnection.php on line 692.
 1 SYSTEMPATH\Database\BaseBuilder.php(1649): CodeIgniter\Database\BaseConnection->query('SELECT `villes`.*, `provinces`.`name` AS `province_name`
FROM `villes`
JOIN `provinces` ON `provinces`.`id` = `villes`.`province_id`
WHERE `villes`.`id` = :villes.id:
 LIMIT 1', [...], false)
 2 SYSTEMPATH\Model.php(330): CodeIgniter\Database\BaseBuilder->get()
 3 SYSTEMPATH\BaseModel.php(713): CodeIgniter\Model->doFirst()
 4 APPPATH\Models\CityModel.php(22): CodeIgniter\BaseModel->first()
 5 APPPATH\Controllers\City.php(35): App\Models\CityModel->getCityDetails('17')
 6 SYSTEMPATH\CodeIgniter.php(933): App\Controllers\City->get_details('17')
 7 SYSTEMPATH\CodeIgniter.php(507): CodeIgniter\CodeIgniter->runController(Object(App\Controllers\City))
 8 SYSTEMPATH\CodeIgniter.php(354): CodeIgniter\CodeIgniter->handleRequest(null, Object(Config\Cache), false)
 9 SYSTEMPATH\Boot.php(334): CodeIgniter\CodeIgniter->run()
10 SYSTEMPATH\Boot.php(67): CodeIgniter\Boot::runCodeIgniter(Object(CodeIgniter\CodeIgniter))
11 FCPATH\index.php(56): CodeIgniter\Boot::bootWeb(Object(Config\Paths))
12 SYSTEMPATH\rewrite.php(44): require_once('C:\\wamp64\\www\\rdc_province\\public\\index.php')
CRITICAL - 2025-04-29 08:58:13 --> [Caused by] CodeIgniter\Database\Exceptions\DatabaseException: Champ 'provinces.name' inconnu dans field list
in SYSTEMPATH\Database\MySQLi\Connection.php on line 332.
 1 SYSTEMPATH\Database\BaseConnection.php(738): CodeIgniter\Database\MySQLi\Connection->execute('SELECT `villes`.*, `provinces`.`name` AS `province_name`
FROM `villes`
JOIN `provinces` ON `provinces`.`id` = `villes`.`province_id`
WHERE `villes`.`id` = \'17\'
 LIMIT 1')
 2 SYSTEMPATH\Database\BaseConnection.php(652): CodeIgniter\Database\BaseConnection->simpleQuery('SELECT `villes`.*, `provinces`.`name` AS `province_name`
FROM `villes`
JOIN `provinces` ON `provinces`.`id` = `villes`.`province_id`
WHERE `villes`.`id` = \'17\'
 LIMIT 1')
 3 SYSTEMPATH\Database\BaseBuilder.php(1649): CodeIgniter\Database\BaseConnection->query('SELECT `villes`.*, `provinces`.`name` AS `province_name`
FROM `villes`
JOIN `provinces` ON `provinces`.`id` = `villes`.`province_id`
WHERE `villes`.`id` = :villes.id:
 LIMIT 1', [...], false)
 4 SYSTEMPATH\Model.php(330): CodeIgniter\Database\BaseBuilder->get()
 5 SYSTEMPATH\BaseModel.php(713): CodeIgniter\Model->doFirst()
 6 APPPATH\Models\CityModel.php(22): CodeIgniter\BaseModel->first()
 7 APPPATH\Controllers\City.php(35): App\Models\CityModel->getCityDetails('17')
 8 SYSTEMPATH\CodeIgniter.php(933): App\Controllers\City->get_details('17')
 9 SYSTEMPATH\CodeIgniter.php(507): CodeIgniter\CodeIgniter->runController(Object(App\Controllers\City))
10 SYSTEMPATH\CodeIgniter.php(354): CodeIgniter\CodeIgniter->handleRequest(null, Object(Config\Cache), false)
11 SYSTEMPATH\Boot.php(334): CodeIgniter\CodeIgniter->run()
12 SYSTEMPATH\Boot.php(67): CodeIgniter\Boot::runCodeIgniter(Object(CodeIgniter\CodeIgniter))
13 FCPATH\index.php(56): CodeIgniter\Boot::bootWeb(Object(Config\Paths))
14 SYSTEMPATH\rewrite.php(44): require_once('C:\\wamp64\\www\\rdc_province\\public\\index.php')
CRITICAL - 2025-04-29 08:58:13 --> [Caused by] mysqli_sql_exception: Champ 'provinces.name' inconnu dans field list
in SYSTEMPATH\Database\MySQLi\Connection.php on line 327.
 1 SYSTEMPATH\Database\MySQLi\Connection.php(327): mysqli->query('SELECT `villes`.*, `provinces`.`name` AS `province_name`
FROM `villes`
JOIN `provinces` ON `provinces`.`id` = `villes`.`province_id`
WHERE `villes`.`id` = \'17\'
 LIMIT 1', 0)
 2 SYSTEMPATH\Database\BaseConnection.php(738): CodeIgniter\Database\MySQLi\Connection->execute('SELECT `villes`.*, `provinces`.`name` AS `province_name`
FROM `villes`
JOIN `provinces` ON `provinces`.`id` = `villes`.`province_id`
WHERE `villes`.`id` = \'17\'
 LIMIT 1')
 3 SYSTEMPATH\Database\BaseConnection.php(652): CodeIgniter\Database\BaseConnection->simpleQuery('SELECT `villes`.*, `provinces`.`name` AS `province_name`
FROM `villes`
JOIN `provinces` ON `provinces`.`id` = `villes`.`province_id`
WHERE `villes`.`id` = \'17\'
 LIMIT 1')
 4 SYSTEMPATH\Database\BaseBuilder.php(1649): CodeIgniter\Database\BaseConnection->query('SELECT `villes`.*, `provinces`.`name` AS `province_name`
FROM `villes`
JOIN `provinces` ON `provinces`.`id` = `villes`.`province_id`
WHERE `villes`.`id` = :villes.id:
 LIMIT 1', [...], false)
 5 SYSTEMPATH\Model.php(330): CodeIgniter\Database\BaseBuilder->get()
 6 SYSTEMPATH\BaseModel.php(713): CodeIgniter\Model->doFirst()
 7 APPPATH\Models\CityModel.php(22): CodeIgniter\BaseModel->first()
 8 APPPATH\Controllers\City.php(35): App\Models\CityModel->getCityDetails('17')
 9 SYSTEMPATH\CodeIgniter.php(933): App\Controllers\City->get_details('17')
10 SYSTEMPATH\CodeIgniter.php(507): CodeIgniter\CodeIgniter->runController(Object(App\Controllers\City))
11 SYSTEMPATH\CodeIgniter.php(354): CodeIgniter\CodeIgniter->handleRequest(null, Object(Config\Cache), false)
12 SYSTEMPATH\Boot.php(334): CodeIgniter\CodeIgniter->run()
13 SYSTEMPATH\Boot.php(67): CodeIgniter\Boot::runCodeIgniter(Object(CodeIgniter\CodeIgniter))
14 FCPATH\index.php(56): CodeIgniter\Boot::bootWeb(Object(Config\Paths))
15 SYSTEMPATH\rewrite.php(44): require_once('C:\\wamp64\\www\\rdc_province\\public\\index.php')
CRITICAL - 2025-04-29 08:59:20 --> CodeIgniter\View\Exceptions\ViewException: Invalid file: "villedetail.php"
[Method: GET, Route: city/get_details/17]
in SYSTEMPATH\Exceptions\FrameworkException.php on line 39.
 1 SYSTEMPATH\View\View.php(212): CodeIgniter\Exceptions\FrameworkException::forInvalidFile('villedetail.php')
 2 SYSTEMPATH\Common.php(1173): CodeIgniter\View\View->render('villedetail', [], true)
 3 APPPATH\Controllers\City.php(39): view('villedetail', [...])
 4 SYSTEMPATH\CodeIgniter.php(933): App\Controllers\City->get_details('17')
 5 SYSTEMPATH\CodeIgniter.php(507): CodeIgniter\CodeIgniter->runController(Object(App\Controllers\City))
 6 SYSTEMPATH\CodeIgniter.php(354): CodeIgniter\CodeIgniter->handleRequest(null, Object(Config\Cache), false)
 7 SYSTEMPATH\Boot.php(334): CodeIgniter\CodeIgniter->run()
 8 SYSTEMPATH\Boot.php(67): CodeIgniter\Boot::runCodeIgniter(Object(CodeIgniter\CodeIgniter))
 9 FCPATH\index.php(56): CodeIgniter\Boot::bootWeb(Object(Config\Paths))
10 SYSTEMPATH\rewrite.php(44): require_once('C:\\wamp64\\www\\rdc_province\\public\\index.php')
CRITICAL - 2025-04-29 09:00:14 --> CodeIgniter\View\Exceptions\ViewException: Invalid file: "ville_detail.php"
[Method: GET, Route: city/get_details/17]
in SYSTEMPATH\Exceptions\FrameworkException.php on line 39.
 1 SYSTEMPATH\View\View.php(212): CodeIgniter\Exceptions\FrameworkException::forInvalidFile('ville_detail.php')
 2 SYSTEMPATH\Common.php(1173): CodeIgniter\View\View->render('ville_detail', [], true)
 3 APPPATH\Controllers\City.php(39): view('ville_detail', [...])
 4 SYSTEMPATH\CodeIgniter.php(933): App\Controllers\City->get_details('17')
 5 SYSTEMPATH\CodeIgniter.php(507): CodeIgniter\CodeIgniter->runController(Object(App\Controllers\City))
 6 SYSTEMPATH\CodeIgniter.php(354): CodeIgniter\CodeIgniter->handleRequest(null, Object(Config\Cache), false)
 7 SYSTEMPATH\Boot.php(334): CodeIgniter\CodeIgniter->run()
 8 SYSTEMPATH\Boot.php(67): CodeIgniter\Boot::runCodeIgniter(Object(CodeIgniter\CodeIgniter))
 9 FCPATH\index.php(56): CodeIgniter\Boot::bootWeb(Object(Config\Paths))
10 SYSTEMPATH\rewrite.php(44): require_once('C:\\wamp64\\www\\rdc_province\\public\\index.php')
CRITICAL - 2025-04-29 09:00:16 --> CodeIgniter\View\Exceptions\ViewException: Invalid file: "ville_detail.php"
[Method: GET, Route: city/get_details/17]
in SYSTEMPATH\Exceptions\FrameworkException.php on line 39.
 1 SYSTEMPATH\View\View.php(212): CodeIgniter\Exceptions\FrameworkException::forInvalidFile('ville_detail.php')
 2 SYSTEMPATH\Common.php(1173): CodeIgniter\View\View->render('ville_detail', [], true)
 3 APPPATH\Controllers\City.php(39): view('ville_detail', [...])
 4 SYSTEMPATH\CodeIgniter.php(933): App\Controllers\City->get_details('17')
 5 SYSTEMPATH\CodeIgniter.php(507): CodeIgniter\CodeIgniter->runController(Object(App\Controllers\City))
 6 SYSTEMPATH\CodeIgniter.php(354): CodeIgniter\CodeIgniter->handleRequest(null, Object(Config\Cache), false)
 7 SYSTEMPATH\Boot.php(334): CodeIgniter\CodeIgniter->run()
 8 SYSTEMPATH\Boot.php(67): CodeIgniter\Boot::runCodeIgniter(Object(CodeIgniter\CodeIgniter))
 9 FCPATH\index.php(56): CodeIgniter\Boot::bootWeb(Object(Config\Paths))
10 SYSTEMPATH\rewrite.php(44): require_once('C:\\wamp64\\www\\rdc_province\\public\\index.php')
CRITICAL - 2025-04-29 09:00:19 --> CodeIgniter\View\Exceptions\ViewException: Invalid file: "ville_detail.php"
[Method: GET, Route: city/get_details/17]
in SYSTEMPATH\Exceptions\FrameworkException.php on line 39.
 1 SYSTEMPATH\View\View.php(212): CodeIgniter\Exceptions\FrameworkException::forInvalidFile('ville_detail.php')
 2 SYSTEMPATH\Common.php(1173): CodeIgniter\View\View->render('ville_detail', [], true)
 3 APPPATH\Controllers\City.php(39): view('ville_detail', [...])
 4 SYSTEMPATH\CodeIgniter.php(933): App\Controllers\City->get_details('17')
 5 SYSTEMPATH\CodeIgniter.php(507): CodeIgniter\CodeIgniter->runController(Object(App\Controllers\City))
 6 SYSTEMPATH\CodeIgniter.php(354): CodeIgniter\CodeIgniter->handleRequest(null, Object(Config\Cache), false)
 7 SYSTEMPATH\Boot.php(334): CodeIgniter\CodeIgniter->run()
 8 SYSTEMPATH\Boot.php(67): CodeIgniter\Boot::runCodeIgniter(Object(CodeIgniter\CodeIgniter))
 9 FCPATH\index.php(56): CodeIgniter\Boot::bootWeb(Object(Config\Paths))
10 SYSTEMPATH\rewrite.php(44): require_once('C:\\wamp64\\www\\rdc_province\\public\\index.php')
CRITICAL - 2025-04-29 09:00:20 --> CodeIgniter\View\Exceptions\ViewException: Invalid file: "ville_detail.php"
[Method: GET, Route: city/get_details/17]
in SYSTEMPATH\Exceptions\FrameworkException.php on line 39.
 1 SYSTEMPATH\View\View.php(212): CodeIgniter\Exceptions\FrameworkException::forInvalidFile('ville_detail.php')
 2 SYSTEMPATH\Common.php(1173): CodeIgniter\View\View->render('ville_detail', [], true)
 3 APPPATH\Controllers\City.php(39): view('ville_detail', [...])
 4 SYSTEMPATH\CodeIgniter.php(933): App\Controllers\City->get_details('17')
 5 SYSTEMPATH\CodeIgniter.php(507): CodeIgniter\CodeIgniter->runController(Object(App\Controllers\City))
 6 SYSTEMPATH\CodeIgniter.php(354): CodeIgniter\CodeIgniter->handleRequest(null, Object(Config\Cache), false)
 7 SYSTEMPATH\Boot.php(334): CodeIgniter\CodeIgniter->run()
 8 SYSTEMPATH\Boot.php(67): CodeIgniter\Boot::runCodeIgniter(Object(CodeIgniter\CodeIgniter))
 9 FCPATH\index.php(56): CodeIgniter\Boot::bootWeb(Object(Config\Paths))
10 SYSTEMPATH\rewrite.php(44): require_once('C:\\wamp64\\www\\rdc_province\\public\\index.php')
CRITICAL - 2025-04-29 09:00:20 --> CodeIgniter\View\Exceptions\ViewException: Invalid file: "ville_detail.php"
[Method: GET, Route: city/get_details/17]
in SYSTEMPATH\Exceptions\FrameworkException.php on line 39.
 1 SYSTEMPATH\View\View.php(212): CodeIgniter\Exceptions\FrameworkException::forInvalidFile('ville_detail.php')
 2 SYSTEMPATH\Common.php(1173): CodeIgniter\View\View->render('ville_detail', [], true)
 3 APPPATH\Controllers\City.php(39): view('ville_detail', [...])
 4 SYSTEMPATH\CodeIgniter.php(933): App\Controllers\City->get_details('17')
 5 SYSTEMPATH\CodeIgniter.php(507): CodeIgniter\CodeIgniter->runController(Object(App\Controllers\City))
 6 SYSTEMPATH\CodeIgniter.php(354): CodeIgniter\CodeIgniter->handleRequest(null, Object(Config\Cache), false)
 7 SYSTEMPATH\Boot.php(334): CodeIgniter\CodeIgniter->run()
 8 SYSTEMPATH\Boot.php(67): CodeIgniter\Boot::runCodeIgniter(Object(CodeIgniter\CodeIgniter))
 9 FCPATH\index.php(56): CodeIgniter\Boot::bootWeb(Object(Config\Paths))
10 SYSTEMPATH\rewrite.php(44): require_once('C:\\wamp64\\www\\rdc_province\\public\\index.php')
CRITICAL - 2025-04-29 09:00:20 --> CodeIgniter\View\Exceptions\ViewException: Invalid file: "ville_detail.php"
[Method: GET, Route: city/get_details/17]
in SYSTEMPATH\Exceptions\FrameworkException.php on line 39.
 1 SYSTEMPATH\View\View.php(212): CodeIgniter\Exceptions\FrameworkException::forInvalidFile('ville_detail.php')
 2 SYSTEMPATH\Common.php(1173): CodeIgniter\View\View->render('ville_detail', [], true)
 3 APPPATH\Controllers\City.php(39): view('ville_detail', [...])
 4 SYSTEMPATH\CodeIgniter.php(933): App\Controllers\City->get_details('17')
 5 SYSTEMPATH\CodeIgniter.php(507): CodeIgniter\CodeIgniter->runController(Object(App\Controllers\City))
 6 SYSTEMPATH\CodeIgniter.php(354): CodeIgniter\CodeIgniter->handleRequest(null, Object(Config\Cache), false)
 7 SYSTEMPATH\Boot.php(334): CodeIgniter\CodeIgniter->run()
 8 SYSTEMPATH\Boot.php(67): CodeIgniter\Boot::runCodeIgniter(Object(CodeIgniter\CodeIgniter))
 9 FCPATH\index.php(56): CodeIgniter\Boot::bootWeb(Object(Config\Paths))
10 SYSTEMPATH\rewrite.php(44): require_once('C:\\wamp64\\www\\rdc_province\\public\\index.php')
CRITICAL - 2025-04-29 09:00:53 --> ErrorException: Undefined array key "province_name"
[Method: GET, Route: city/get_details/17]
in APPPATH\Views\Villes\ville_detail.php on line 15.
 1 APPPATH\Views\Villes\ville_detail.php(15): CodeIgniter\Debug\Exceptions->errorHandler(2, 'Undefined array key "province_name"', 'C:\\wamp64\\www\\rdc_province\\app\\Views\\Villes\\ville_detail.php', 15)
 2 SYSTEMPATH\View\View.php(224): include('C:\\wamp64\\www\\rdc_province\\app\\Views\\Villes\\ville_detail.php')
 3 SYSTEMPATH\View\View.php(227): CodeIgniter\View\View->CodeIgniter\View\{closure}()
 4 SYSTEMPATH\Common.php(1173): CodeIgniter\View\View->render('Villes/ville_detail', [], true)
 5 APPPATH\Controllers\City.php(39): view('Villes/ville_detail', [...])
 6 SYSTEMPATH\CodeIgniter.php(933): App\Controllers\City->get_details('17')
 7 SYSTEMPATH\CodeIgniter.php(507): CodeIgniter\CodeIgniter->runController(Object(App\Controllers\City))
 8 SYSTEMPATH\CodeIgniter.php(354): CodeIgniter\CodeIgniter->handleRequest(null, Object(Config\Cache), false)
 9 SYSTEMPATH\Boot.php(334): CodeIgniter\CodeIgniter->run()
10 SYSTEMPATH\Boot.php(67): CodeIgniter\Boot::runCodeIgniter(Object(CodeIgniter\CodeIgniter))
11 FCPATH\index.php(56): CodeIgniter\Boot::bootWeb(Object(Config\Paths))
12 SYSTEMPATH\rewrite.php(44): require_once('C:\\wamp64\\www\\rdc_province\\public\\index.php')
