INFO - 2025-04-24 13:40:01 --> Détails de la ville : Array
(
    [id] => 8
    [nom_ville] => Mbandaka
    [province_id] => 28
    [langue] => Lingala
    [superficie] => 103902
    [population] => 45900011
    [image] => uploads/images/1745244071_f69911900a4d75b9cddb.jpeg
    [created_at] => 
    [updated_at] => 
    [nom_province] => Equateur 
)

INFO - 2025-04-24 13:44:38 --> Détails de la ville : Array
(
    [id] => 8
    [nom_ville] => Mbandaka
    [province_id] => 28
    [langue] => Lingala
    [superficie] => 103902
    [population] => 45900011
    [image] => uploads/images/1745244071_f69911900a4d75b9cddb.jpeg
    [created_at] => 
    [updated_at] => 
    [nom_province] => Equateur 
)

INFO - 2025-04-24 13:45:40 --> Détails de la ville : Array
(
    [id] => 8
    [nom_ville] => Mbandaka
    [province_id] => 28
    [langue] => Lingala
    [superficie] => 103902
    [population] => 45900011
    [image] => uploads/images/1745244071_f69911900a4d75b9cddb.jpeg
    [created_at] => 
    [updated_at] => 
    [nom_province] => Equateur 
)

INFO - 2025-04-24 13:45:54 --> Détails de la ville : Array
(
    [id] => 8
    [nom_ville] => Mbandaka
    [province_id] => 28
    [langue] => Lingala
    [superficie] => 103902
    [population] => 45900011
    [image] => uploads/images/1745244071_f69911900a4d75b9cddb.jpeg
    [created_at] => 
    [updated_at] => 
    [nom_province] => Equateur 
)

INFO - 2025-04-24 13:45:56 --> Détails de la ville : Array
(
    [id] => 8
    [nom_ville] => Mbandaka
    [province_id] => 28
    [langue] => Lingala
    [superficie] => 103902
    [population] => 45900011
    [image] => uploads/images/1745244071_f69911900a4d75b9cddb.jpeg
    [created_at] => 
    [updated_at] => 
    [nom_province] => Equateur 
)

INFO - 2025-04-24 13:45:56 --> Détails de la ville : Array
(
    [id] => 8
    [nom_ville] => Mbandaka
    [province_id] => 28
    [langue] => Lingala
    [superficie] => 103902
    [population] => 45900011
    [image] => uploads/images/1745244071_f69911900a4d75b9cddb.jpeg
    [created_at] => 
    [updated_at] => 
    [nom_province] => Equateur 
)

INFO - 2025-04-24 13:45:56 --> Détails de la ville : Array
(
    [id] => 8
    [nom_ville] => Mbandaka
    [province_id] => 28
    [langue] => Lingala
    [superficie] => 103902
    [population] => 45900011
    [image] => uploads/images/1745244071_f69911900a4d75b9cddb.jpeg
    [created_at] => 
    [updated_at] => 
    [nom_province] => Equateur 
)

INFO - 2025-04-24 13:45:56 --> Détails de la ville : Array
(
    [id] => 8
    [nom_ville] => Mbandaka
    [province_id] => 28
    [langue] => Lingala
    [superficie] => 103902
    [population] => 45900011
    [image] => uploads/images/1745244071_f69911900a4d75b9cddb.jpeg
    [created_at] => 
    [updated_at] => 
    [nom_province] => Equateur 
)

INFO - 2025-04-24 13:45:57 --> Détails de la ville : Array
(
    [id] => 8
    [nom_ville] => Mbandaka
    [province_id] => 28
    [langue] => Lingala
    [superficie] => 103902
    [population] => 45900011
    [image] => uploads/images/1745244071_f69911900a4d75b9cddb.jpeg
    [created_at] => 
    [updated_at] => 
    [nom_province] => Equateur 
)

INFO - 2025-04-24 13:45:57 --> Détails de la ville : Array
(
    [id] => 8
    [nom_ville] => Mbandaka
    [province_id] => 28
    [langue] => Lingala
    [superficie] => 103902
    [population] => 45900011
    [image] => uploads/images/1745244071_f69911900a4d75b9cddb.jpeg
    [created_at] => 
    [updated_at] => 
    [nom_province] => Equateur 
)

INFO - 2025-04-24 13:45:57 --> Détails de la ville : Array
(
    [id] => 8
    [nom_ville] => Mbandaka
    [province_id] => 28
    [langue] => Lingala
    [superficie] => 103902
    [population] => 45900011
    [image] => uploads/images/1745244071_f69911900a4d75b9cddb.jpeg
    [created_at] => 
    [updated_at] => 
    [nom_province] => Equateur 
)

INFO - 2025-04-24 13:45:57 --> Détails de la ville : Array
(
    [id] => 8
    [nom_ville] => Mbandaka
    [province_id] => 28
    [langue] => Lingala
    [superficie] => 103902
    [population] => 45900011
    [image] => uploads/images/1745244071_f69911900a4d75b9cddb.jpeg
    [created_at] => 
    [updated_at] => 
    [nom_province] => Equateur 
)

INFO - 2025-04-24 13:45:57 --> Détails de la ville : Array
(
    [id] => 8
    [nom_ville] => Mbandaka
    [province_id] => 28
    [langue] => Lingala
    [superficie] => 103902
    [population] => 45900011
    [image] => uploads/images/1745244071_f69911900a4d75b9cddb.jpeg
    [created_at] => 
    [updated_at] => 
    [nom_province] => Equateur 
)

INFO - 2025-04-24 13:45:58 --> Détails de la ville : Array
(
    [id] => 8
    [nom_ville] => Mbandaka
    [province_id] => 28
    [langue] => Lingala
    [superficie] => 103902
    [population] => 45900011
    [image] => uploads/images/1745244071_f69911900a4d75b9cddb.jpeg
    [created_at] => 
    [updated_at] => 
    [nom_province] => Equateur 
)

INFO - 2025-04-24 13:45:58 --> Détails de la ville : Array
(
    [id] => 8
    [nom_ville] => Mbandaka
    [province_id] => 28
    [langue] => Lingala
    [superficie] => 103902
    [population] => 45900011
    [image] => uploads/images/1745244071_f69911900a4d75b9cddb.jpeg
    [created_at] => 
    [updated_at] => 
    [nom_province] => Equateur 
)

INFO - 2025-04-24 13:45:58 --> Détails de la ville : Array
(
    [id] => 8
    [nom_ville] => Mbandaka
    [province_id] => 28
    [langue] => Lingala
    [superficie] => 103902
    [population] => 45900011
    [image] => uploads/images/1745244071_f69911900a4d75b9cddb.jpeg
    [created_at] => 
    [updated_at] => 
    [nom_province] => Equateur 
)

INFO - 2025-04-24 13:45:59 --> Détails de la ville : Array
(
    [id] => 8
    [nom_ville] => Mbandaka
    [province_id] => 28
    [langue] => Lingala
    [superficie] => 103902
    [population] => 45900011
    [image] => uploads/images/1745244071_f69911900a4d75b9cddb.jpeg
    [created_at] => 
    [updated_at] => 
    [nom_province] => Equateur 
)

INFO - 2025-04-24 13:46:39 --> Détails de la ville : Array
(
    [id] => 8
    [nom_ville] => Mbandaka
    [province_id] => 28
    [langue] => Lingala
    [superficie] => 103902
    [population] => 45900011
    [image] => uploads/images/1745244071_f69911900a4d75b9cddb.jpeg
    [created_at] => 
    [updated_at] => 
    [nom_province] => Equateur 
)

INFO - 2025-04-24 13:48:14 --> Détails de la ville : Array
(
    [id] => 8
    [nom_ville] => Mbandaka
    [province_id] => 28
    [langue] => Lingala
    [superficie] => 103902
    [population] => 45900011
    [image] => uploads/images/1745244071_f69911900a4d75b9cddb.jpeg
    [created_at] => 
    [updated_at] => 
    [nom_province] => Equateur 
)

INFO - 2025-04-24 13:48:15 --> Détails de la ville : Array
(
    [id] => 8
    [nom_ville] => Mbandaka
    [province_id] => 28
    [langue] => Lingala
    [superficie] => 103902
    [population] => 45900011
    [image] => uploads/images/1745244071_f69911900a4d75b9cddb.jpeg
    [created_at] => 
    [updated_at] => 
    [nom_province] => Equateur 
)

INFO - 2025-04-24 13:48:16 --> Détails de la ville : Array
(
    [id] => 8
    [nom_ville] => Mbandaka
    [province_id] => 28
    [langue] => Lingala
    [superficie] => 103902
    [population] => 45900011
    [image] => uploads/images/1745244071_f69911900a4d75b9cddb.jpeg
    [created_at] => 
    [updated_at] => 
    [nom_province] => Equateur 
)

INFO - 2025-04-24 13:48:31 --> Détails de la ville : Array
(
    [id] => 8
    [nom_ville] => Mbandaka
    [province_id] => 28
    [langue] => Lingala
    [superficie] => 103902
    [population] => 45900011
    [image] => uploads/images/1745244071_f69911900a4d75b9cddb.jpeg
    [created_at] => 
    [updated_at] => 
    [nom_province] => Equateur 
)

INFO - 2025-04-24 13:50:54 --> Détails de la ville : Array
(
    [id] => 44
    [nom_ville] => kinshasa
    [province_id] => 36
    [langue] => lingala
    [superficie] => 1111111111
    [population] => 111111111
    [image] => 1745502654_e00d4bc42a0f862094f4.jpg
    [created_at] => 
    [updated_at] => 
    [nom_province] => Kinshasa
)

INFO - 2025-04-24 13:52:29 --> Détails de la ville : Array
(
    [id] => 8
    [nom_ville] => Mbandaka
    [province_id] => 28
    [langue] => Lingala
    [superficie] => 103902
    [population] => 45900011
    [image] => uploads/images/1745244071_f69911900a4d75b9cddb.jpeg
    [created_at] => 
    [updated_at] => 
    [nom_province] => Equateur 
)

INFO - 2025-04-24 13:53:15 --> Détails de la ville : Array
(
    [id] => 8
    [nom_ville] => Mbandaka
    [province_id] => 28
    [langue] => Lingala
    [superficie] => 103902
    [population] => 45900011
    [image] => uploads/images/1745244071_f69911900a4d75b9cddb.jpeg
    [created_at] => 
    [updated_at] => 
    [nom_province] => Equateur 
)

INFO - 2025-04-24 13:53:27 --> Détails de la ville : Array
(
    [id] => 8
    [nom_ville] => Mbandaka
    [province_id] => 28
    [langue] => Lingala
    [superficie] => 103902
    [population] => 45900011
    [image] => uploads/images/1745502807_fc896b198dcf0d034e7e.jpeg
    [created_at] => 
    [updated_at] => 
    [nom_province] => Equateur 
)

INFO - 2025-04-24 13:54:20 --> Détails de la ville : Array
(
    [id] => 8
    [nom_ville] => Mbandaka
    [province_id] => 28
    [langue] => Lingala
    [superficie] => 103902
    [population] => 45900011
    [image] => 1745502807_fc896b198dcf0d034e7e.jpeg
    [created_at] => 
    [updated_at] => 
    [nom_province] => Equateur 
)

INFO - 2025-04-24 13:55:16 --> Détails de la ville : Array
(
    [id] => 8
    [nom_ville] => Mbandaka
    [province_id] => 28
    [langue] => Lingala
    [superficie] => 103902
    [population] => 45900011
    [image] => uploads/images/1745502807_fc896b198dcf0d034e7e.jpeg
    [created_at] => 
    [updated_at] => 
    [nom_province] => Equateur 
)

INFO - 2025-04-24 14:11:01 --> Détails de la ville : Array
(
    [id] => 8
    [nom_ville] => Mbandaka
    [province_id] => 28
    [langue] => Lingala
    [superficie] => 103902
    [population] => 45900011
    [image] => uploads/images/1745502807_fc896b198dcf0d034e7e.jpeg
    [created_at] => 
    [updated_at] => 
    [nom_province] => Equateur 
)

INFO - 2025-04-24 14:14:49 --> Détails de la ville : Array
(
    [id] => 8
    [nom_ville] => Mbandaka
    [province_id] => 28
    [langue] => Lingala
    [superficie] => 103902
    [population] => 45900011
    [image] => uploads/images/1745502807_fc896b198dcf0d034e7e.jpeg
    [created_at] => 
    [updated_at] => 
    [nom_province] => Equateur 
)

CRITICAL - 2025-04-24 14:20:49 --> CodeIgniter\HTTP\Exceptions\BadRequestException: The URI you submitted has disallowed characters: "1745502807_fc896b198dcf0d034e7e.jpeg alt="
[Method: GET, Route: uploads/images/1745502807_fc896b198dcf0d034e7e.jpeg%20alt=]
in SYSTEMPATH\Router\Router.php on line 739.
 1 SYSTEMPATH\Router\Router.php(207): CodeIgniter\Router\Router->checkDisallowedChars('uploads/images/1745502807_fc896b198dcf0d034e7e.jpeg alt=')
 2 SYSTEMPATH\CodeIgniter.php(832): CodeIgniter\Router\Router->handle('uploads/images/1745502807_fc896b198dcf0d034e7e.jpeg alt=')
 3 SYSTEMPATH\CodeIgniter.php(455): CodeIgniter\CodeIgniter->tryToRouteIt(Object(CodeIgniter\Router\RouteCollection))
 4 SYSTEMPATH\CodeIgniter.php(354): CodeIgniter\CodeIgniter->handleRequest(null, Object(Config\Cache), false)
 5 SYSTEMPATH\Boot.php(334): CodeIgniter\CodeIgniter->run()
 6 SYSTEMPATH\Boot.php(67): CodeIgniter\Boot::runCodeIgniter(Object(CodeIgniter\CodeIgniter))
 7 FCPATH\index.php(56): CodeIgniter\Boot::bootWeb(Object(Config\Paths))
 8 SYSTEMPATH\rewrite.php(44): require_once('C:\\wamp64\\www\\rdc_province\\public\\index.php')
CRITICAL - 2025-04-24 14:20:49 --> CodeIgniter\HTTP\Exceptions\BadRequestException: The URI you submitted has disallowed characters: "1745244104_8183c74c7e81d71b405f.jpeg alt="
[Method: GET, Route: uploads/images/1745244104_8183c74c7e81d71b405f.jpeg%20alt=]
in SYSTEMPATH\Router\Router.php on line 739.
 1 SYSTEMPATH\Router\Router.php(207): CodeIgniter\Router\Router->checkDisallowedChars('uploads/images/1745244104_8183c74c7e81d71b405f.jpeg alt=')
 2 SYSTEMPATH\CodeIgniter.php(832): CodeIgniter\Router\Router->handle('uploads/images/1745244104_8183c74c7e81d71b405f.jpeg alt=')
 3 SYSTEMPATH\CodeIgniter.php(455): CodeIgniter\CodeIgniter->tryToRouteIt(Object(CodeIgniter\Router\RouteCollection))
 4 SYSTEMPATH\CodeIgniter.php(354): CodeIgniter\CodeIgniter->handleRequest(null, Object(Config\Cache), false)
 5 SYSTEMPATH\Boot.php(334): CodeIgniter\CodeIgniter->run()
 6 SYSTEMPATH\Boot.php(67): CodeIgniter\Boot::runCodeIgniter(Object(CodeIgniter\CodeIgniter))
 7 FCPATH\index.php(56): CodeIgniter\Boot::bootWeb(Object(Config\Paths))
 8 SYSTEMPATH\rewrite.php(44): require_once('C:\\wamp64\\www\\rdc_province\\public\\index.php')
CRITICAL - 2025-04-24 14:20:49 --> CodeIgniter\HTTP\Exceptions\BadRequestException: The URI you submitted has disallowed characters: "1745244174_0d069d391192e4378597.jpg alt="
[Method: GET, Route: uploads/images/1745244174_0d069d391192e4378597.jpg%20alt=]
in SYSTEMPATH\Router\Router.php on line 739.
 1 SYSTEMPATH\Router\Router.php(207): CodeIgniter\Router\Router->checkDisallowedChars('uploads/images/1745244174_0d069d391192e4378597.jpg alt=')
 2 SYSTEMPATH\CodeIgniter.php(832): CodeIgniter\Router\Router->handle('uploads/images/1745244174_0d069d391192e4378597.jpg alt=')
 3 SYSTEMPATH\CodeIgniter.php(455): CodeIgniter\CodeIgniter->tryToRouteIt(Object(CodeIgniter\Router\RouteCollection))
 4 SYSTEMPATH\CodeIgniter.php(354): CodeIgniter\CodeIgniter->handleRequest(null, Object(Config\Cache), false)
 5 SYSTEMPATH\Boot.php(334): CodeIgniter\CodeIgniter->run()
 6 SYSTEMPATH\Boot.php(67): CodeIgniter\Boot::runCodeIgniter(Object(CodeIgniter\CodeIgniter))
 7 FCPATH\index.php(56): CodeIgniter\Boot::bootWeb(Object(Config\Paths))
 8 SYSTEMPATH\rewrite.php(44): require_once('C:\\wamp64\\www\\rdc_province\\public\\index.php')
INFO - 2025-04-24 14:21:37 --> Détails de la ville : Array
(
    [id] => 8
    [nom_ville] => Mbandaka
    [province_id] => 28
    [langue] => Lingala
    [superficie] => 103902
    [population] => 45900011
    [image] => uploads/images/1745502807_fc896b198dcf0d034e7e.jpeg
    [created_at] => 
    [updated_at] => 
    [nom_province] => Equateur 
)

CRITICAL - 2025-04-24 14:21:40 --> CodeIgniter\HTTP\Exceptions\BadRequestException: The URI you submitted has disallowed characters: "1745502807_fc896b198dcf0d034e7e.jpeg alt="
[Method: GET, Route: uploads/images/1745502807_fc896b198dcf0d034e7e.jpeg%20alt=]
in SYSTEMPATH\Router\Router.php on line 739.
 1 SYSTEMPATH\Router\Router.php(207): CodeIgniter\Router\Router->checkDisallowedChars('uploads/images/1745502807_fc896b198dcf0d034e7e.jpeg alt=')
 2 SYSTEMPATH\CodeIgniter.php(832): CodeIgniter\Router\Router->handle('uploads/images/1745502807_fc896b198dcf0d034e7e.jpeg alt=')
 3 SYSTEMPATH\CodeIgniter.php(455): CodeIgniter\CodeIgniter->tryToRouteIt(Object(CodeIgniter\Router\RouteCollection))
 4 SYSTEMPATH\CodeIgniter.php(354): CodeIgniter\CodeIgniter->handleRequest(null, Object(Config\Cache), false)
 5 SYSTEMPATH\Boot.php(334): CodeIgniter\CodeIgniter->run()
 6 SYSTEMPATH\Boot.php(67): CodeIgniter\Boot::runCodeIgniter(Object(CodeIgniter\CodeIgniter))
 7 FCPATH\index.php(56): CodeIgniter\Boot::bootWeb(Object(Config\Paths))
 8 SYSTEMPATH\rewrite.php(44): require_once('C:\\wamp64\\www\\rdc_province\\public\\index.php')
CRITICAL - 2025-04-24 14:21:40 --> CodeIgniter\HTTP\Exceptions\BadRequestException: The URI you submitted has disallowed characters: "1745244104_8183c74c7e81d71b405f.jpeg alt="
[Method: GET, Route: uploads/images/1745244104_8183c74c7e81d71b405f.jpeg%20alt=]
in SYSTEMPATH\Router\Router.php on line 739.
 1 SYSTEMPATH\Router\Router.php(207): CodeIgniter\Router\Router->checkDisallowedChars('uploads/images/1745244104_8183c74c7e81d71b405f.jpeg alt=')
 2 SYSTEMPATH\CodeIgniter.php(832): CodeIgniter\Router\Router->handle('uploads/images/1745244104_8183c74c7e81d71b405f.jpeg alt=')
 3 SYSTEMPATH\CodeIgniter.php(455): CodeIgniter\CodeIgniter->tryToRouteIt(Object(CodeIgniter\Router\RouteCollection))
 4 SYSTEMPATH\CodeIgniter.php(354): CodeIgniter\CodeIgniter->handleRequest(null, Object(Config\Cache), false)
 5 SYSTEMPATH\Boot.php(334): CodeIgniter\CodeIgniter->run()
 6 SYSTEMPATH\Boot.php(67): CodeIgniter\Boot::runCodeIgniter(Object(CodeIgniter\CodeIgniter))
 7 FCPATH\index.php(56): CodeIgniter\Boot::bootWeb(Object(Config\Paths))
 8 SYSTEMPATH\rewrite.php(44): require_once('C:\\wamp64\\www\\rdc_province\\public\\index.php')
CRITICAL - 2025-04-24 14:21:40 --> CodeIgniter\HTTP\Exceptions\BadRequestException: The URI you submitted has disallowed characters: "1745244174_0d069d391192e4378597.jpg alt="
[Method: GET, Route: uploads/images/1745244174_0d069d391192e4378597.jpg%20alt=]
in SYSTEMPATH\Router\Router.php on line 739.
 1 SYSTEMPATH\Router\Router.php(207): CodeIgniter\Router\Router->checkDisallowedChars('uploads/images/1745244174_0d069d391192e4378597.jpg alt=')
 2 SYSTEMPATH\CodeIgniter.php(832): CodeIgniter\Router\Router->handle('uploads/images/1745244174_0d069d391192e4378597.jpg alt=')
 3 SYSTEMPATH\CodeIgniter.php(455): CodeIgniter\CodeIgniter->tryToRouteIt(Object(CodeIgniter\Router\RouteCollection))
 4 SYSTEMPATH\CodeIgniter.php(354): CodeIgniter\CodeIgniter->handleRequest(null, Object(Config\Cache), false)
 5 SYSTEMPATH\Boot.php(334): CodeIgniter\CodeIgniter->run()
 6 SYSTEMPATH\Boot.php(67): CodeIgniter\Boot::runCodeIgniter(Object(CodeIgniter\CodeIgniter))
 7 FCPATH\index.php(56): CodeIgniter\Boot::bootWeb(Object(Config\Paths))
 8 SYSTEMPATH\rewrite.php(44): require_once('C:\\wamp64\\www\\rdc_province\\public\\index.php')
CRITICAL - 2025-04-24 14:21:40 --> CodeIgniter\HTTP\Exceptions\BadRequestException: The URI you submitted has disallowed characters: "1745502807_fc896b198dcf0d034e7e.jpeg alt="
[Method: GET, Route: uploads/images/1745502807_fc896b198dcf0d034e7e.jpeg%20alt=]
in SYSTEMPATH\Router\Router.php on line 739.
 1 SYSTEMPATH\Router\Router.php(207): CodeIgniter\Router\Router->checkDisallowedChars('uploads/images/1745502807_fc896b198dcf0d034e7e.jpeg alt=')
 2 SYSTEMPATH\CodeIgniter.php(832): CodeIgniter\Router\Router->handle('uploads/images/1745502807_fc896b198dcf0d034e7e.jpeg alt=')
 3 SYSTEMPATH\CodeIgniter.php(455): CodeIgniter\CodeIgniter->tryToRouteIt(Object(CodeIgniter\Router\RouteCollection))
 4 SYSTEMPATH\CodeIgniter.php(354): CodeIgniter\CodeIgniter->handleRequest(null, Object(Config\Cache), false)
 5 SYSTEMPATH\Boot.php(334): CodeIgniter\CodeIgniter->run()
 6 SYSTEMPATH\Boot.php(67): CodeIgniter\Boot::runCodeIgniter(Object(CodeIgniter\CodeIgniter))
 7 FCPATH\index.php(56): CodeIgniter\Boot::bootWeb(Object(Config\Paths))
 8 SYSTEMPATH\rewrite.php(44): require_once('C:\\wamp64\\www\\rdc_province\\public\\index.php')
CRITICAL - 2025-04-24 14:21:40 --> CodeIgniter\HTTP\Exceptions\BadRequestException: The URI you submitted has disallowed characters: "1745244104_8183c74c7e81d71b405f.jpeg alt="
[Method: GET, Route: uploads/images/1745244104_8183c74c7e81d71b405f.jpeg%20alt=]
in SYSTEMPATH\Router\Router.php on line 739.
 1 SYSTEMPATH\Router\Router.php(207): CodeIgniter\Router\Router->checkDisallowedChars('uploads/images/1745244104_8183c74c7e81d71b405f.jpeg alt=')
 2 SYSTEMPATH\CodeIgniter.php(832): CodeIgniter\Router\Router->handle('uploads/images/1745244104_8183c74c7e81d71b405f.jpeg alt=')
 3 SYSTEMPATH\CodeIgniter.php(455): CodeIgniter\CodeIgniter->tryToRouteIt(Object(CodeIgniter\Router\RouteCollection))
 4 SYSTEMPATH\CodeIgniter.php(354): CodeIgniter\CodeIgniter->handleRequest(null, Object(Config\Cache), false)
 5 SYSTEMPATH\Boot.php(334): CodeIgniter\CodeIgniter->run()
 6 SYSTEMPATH\Boot.php(67): CodeIgniter\Boot::runCodeIgniter(Object(CodeIgniter\CodeIgniter))
 7 FCPATH\index.php(56): CodeIgniter\Boot::bootWeb(Object(Config\Paths))
 8 SYSTEMPATH\rewrite.php(44): require_once('C:\\wamp64\\www\\rdc_province\\public\\index.php')
CRITICAL - 2025-04-24 14:21:40 --> CodeIgniter\HTTP\Exceptions\BadRequestException: The URI you submitted has disallowed characters: "1745244174_0d069d391192e4378597.jpg alt="
[Method: GET, Route: uploads/images/1745244174_0d069d391192e4378597.jpg%20alt=]
in SYSTEMPATH\Router\Router.php on line 739.
 1 SYSTEMPATH\Router\Router.php(207): CodeIgniter\Router\Router->checkDisallowedChars('uploads/images/1745244174_0d069d391192e4378597.jpg alt=')
 2 SYSTEMPATH\CodeIgniter.php(832): CodeIgniter\Router\Router->handle('uploads/images/1745244174_0d069d391192e4378597.jpg alt=')
 3 SYSTEMPATH\CodeIgniter.php(455): CodeIgniter\CodeIgniter->tryToRouteIt(Object(CodeIgniter\Router\RouteCollection))
 4 SYSTEMPATH\CodeIgniter.php(354): CodeIgniter\CodeIgniter->handleRequest(null, Object(Config\Cache), false)
 5 SYSTEMPATH\Boot.php(334): CodeIgniter\CodeIgniter->run()
 6 SYSTEMPATH\Boot.php(67): CodeIgniter\Boot::runCodeIgniter(Object(CodeIgniter\CodeIgniter))
 7 FCPATH\index.php(56): CodeIgniter\Boot::bootWeb(Object(Config\Paths))
 8 SYSTEMPATH\rewrite.php(44): require_once('C:\\wamp64\\www\\rdc_province\\public\\index.php')
INFO - 2025-04-24 14:25:32 --> Détails de la ville : Array
(
    [id] => 8
    [nom_ville] => Mbandaka
    [province_id] => 28
    [langue] => Lingala
    [superficie] => 103902
    [population] => 45900011
    [image] => uploads/images/1745502807_fc896b198dcf0d034e7e.jpeg
    [created_at] => 
    [updated_at] => 
    [nom_province] => Equateur 
)

INFO - 2025-04-24 14:26:51 --> Détails de la ville : Array
(
    [id] => 8
    [nom_ville] => Mbandaka
    [province_id] => 28
    [langue] => Lingala
    [superficie] => 103902
    [population] => 45900011
    [image] => uploads/images/1745502807_fc896b198dcf0d034e7e.jpeg
    [created_at] => 
    [updated_at] => 
    [nom_province] => Equateur 
)

INFO - 2025-04-24 14:27:15 --> Détails de la ville : Array
(
    [id] => 8
    [nom_ville] => Mbandaka
    [province_id] => 28
    [langue] => Lingala
    [superficie] => 103902
    [population] => 45900011
    [image] => uploads/images/1745502807_fc896b198dcf0d034e7e.jpeg
    [created_at] => 
    [updated_at] => 
    [nom_province] => Equateur 
)

INFO - 2025-04-24 14:33:47 --> Détails de la ville : Array
(
    [id] => 8
    [nom_ville] => Mbandaka
    [province_id] => 28
    [langue] => Lingala
    [superficie] => 103902
    [population] => 45900011
    [image] => uploads/images/1745502807_fc896b198dcf0d034e7e.jpeg
    [created_at] => 
    [updated_at] => 
    [nom_province] => Equateur 
)

INFO - 2025-04-24 14:34:45 --> Détails de la ville : Array
(
    [id] => 9
    [nom_ville] => Gemena 
    [province_id] => 29
    [langue] => Lingala
    [superficie] => 51648
    [population] => 123453
    [image] => uploads/images/1745244104_8183c74c7e81d71b405f.jpeg
    [created_at] => 
    [updated_at] => 
    [nom_province] => Sud-Ubangui
)

INFO - 2025-04-24 14:38:26 --> Détails de la ville : Array
(
    [id] => 9
    [nom_ville] => Gemena 
    [province_id] => 29
    [langue] => Lingala
    [superficie] => 51648
    [population] => 123453
    [image] => uploads/images/1745244104_8183c74c7e81d71b405f.jpeg
    [created_at] => 
    [updated_at] => 
    [nom_province] => Sud-Ubangui
)

INFO - 2025-04-24 14:38:26 --> Détails de la ville : Array
(
    [id] => 9
    [nom_ville] => Gemena 
    [province_id] => 29
    [langue] => Lingala
    [superficie] => 51648
    [population] => 123453
    [image] => uploads/images/1745244104_8183c74c7e81d71b405f.jpeg
    [created_at] => 
    [updated_at] => 
    [nom_province] => Sud-Ubangui
)

INFO - 2025-04-24 14:38:26 --> Détails de la ville : Array
(
    [id] => 9
    [nom_ville] => Gemena 
    [province_id] => 29
    [langue] => Lingala
    [superficie] => 51648
    [population] => 123453
    [image] => uploads/images/1745244104_8183c74c7e81d71b405f.jpeg
    [created_at] => 
    [updated_at] => 
    [nom_province] => Sud-Ubangui
)

INFO - 2025-04-24 14:38:29 --> Détails de la ville : Array
(
    [id] => 8
    [nom_ville] => Mbandaka
    [province_id] => 28
    [langue] => Lingala
    [superficie] => 103902
    [population] => 45900011
    [image] => uploads/images/1745502807_fc896b198dcf0d034e7e.jpeg
    [created_at] => 
    [updated_at] => 
    [nom_province] => Equateur 
)

INFO - 2025-04-24 14:38:38 --> Détails de la ville : Array
(
    [id] => 8
    [nom_ville] => Mbandaka
    [province_id] => 28
    [langue] => Lingala
    [superficie] => 103902
    [population] => 45900011
    [image] => uploads/images/1745502807_fc896b198dcf0d034e7e.jpeg
    [created_at] => 
    [updated_at] => 
    [nom_province] => Equateur 
)

INFO - 2025-04-24 14:53:47 --> Détails de la ville : Array
(
    [id] => 8
    [nom_ville] => Mbandaka
    [province_id] => 28
    [langue] => Lingala
    [superficie] => 103902
    [population] => 45900011
    [image] => uploads/images/1745502807_fc896b198dcf0d034e7e.jpeg
    [created_at] => 
    [updated_at] => 
    [nom_province] => Equateur 
)

INFO - 2025-04-24 15:00:13 --> Détails de la ville : Array
(
    [id] => 8
    [nom_ville] => Mbandaka
    [province_id] => 28
    [langue] => Lingala
    [superficie] => 103902
    [population] => 45900011
    [image] => uploads/images/1745502807_fc896b198dcf0d034e7e.jpeg
    [created_at] => 
    [updated_at] => 
    [nom_province] => Equateur 
)

INFO - 2025-04-24 15:00:14 --> Détails de la ville : Array
(
    [id] => 8
    [nom_ville] => Mbandaka
    [province_id] => 28
    [langue] => Lingala
    [superficie] => 103902
    [population] => 45900011
    [image] => uploads/images/1745502807_fc896b198dcf0d034e7e.jpeg
    [created_at] => 
    [updated_at] => 
    [nom_province] => Equateur 
)

INFO - 2025-04-24 15:00:15 --> Détails de la ville : Array
(
    [id] => 8
    [nom_ville] => Mbandaka
    [province_id] => 28
    [langue] => Lingala
    [superficie] => 103902
    [population] => 45900011
    [image] => uploads/images/1745502807_fc896b198dcf0d034e7e.jpeg
    [created_at] => 
    [updated_at] => 
    [nom_province] => Equateur 
)

INFO - 2025-04-24 15:02:09 --> Détails de la ville : Array
(
    [id] => 8
    [nom_ville] => Mbandaka
    [province_id] => 28
    [langue] => Lingala
    [superficie] => 103902
    [population] => 45900011
    [image] => uploads/images/1745502807_fc896b198dcf0d034e7e.jpeg
    [created_at] => 
    [updated_at] => 
    [nom_province] => Equateur 
)

INFO - 2025-04-24 15:20:23 --> Détails de la ville : Array
(
    [id] => 17
    [nom_ville] => Bandundu
    [province_id] => 38
    [langue] => Kikongo
    [superficie] => 78219
    [population] => 349700
    [image] => uploads/images/1745244452_6d7c9a56ce6e25548f2e.jpg
    [created_at] => 
    [updated_at] => 
    [nom_province] => Kwilu
)

INFO - 2025-04-24 15:20:37 --> Détails de la ville : Array
(
    [id] => 8
    [nom_ville] => Mbandaka
    [province_id] => 28
    [langue] => Lingala
    [superficie] => 103902
    [population] => 45900011
    [image] => uploads/images/1745502807_fc896b198dcf0d034e7e.jpeg
    [created_at] => 
    [updated_at] => 
    [nom_province] => Equateur 
)

INFO - 2025-04-24 15:21:02 --> Détails de la ville : Array
(
    [id] => 9
    [nom_ville] => Gemena 
    [province_id] => 29
    [langue] => Lingala
    [superficie] => 51648
    [population] => 123453
    [image] => uploads/images/1745244104_8183c74c7e81d71b405f.jpeg
    [created_at] => 
    [updated_at] => 
    [nom_province] => Sud-Ubangui
)

INFO - 2025-04-24 15:21:06 --> Détails de la ville : Array
(
    [id] => 10
    [nom_ville] => Gbadolite
    [province_id] => 30
    [langue] => Lingala
    [superficie] => 56644
    [population] => 1097890
    [image] => uploads/images/1745244174_0d069d391192e4378597.jpg
    [created_at] => 
    [updated_at] => 
    [nom_province] => Nord-Ubangui
)

